2021/10/06 10:22:32 [error] 31#31: *17 FastCGI sent in stderr: "PHP message: PHP Fatal error:  Uncaught PDOException: could not find driver in /usr/share/nginx/html/vendor/illuminate/database/Connectors/Connector.php:70
Stack trace:
#0 /usr/share/nginx/html/vendor/illuminate/database/Connectors/Connector.php(70): PDO->__construct()
#1 /usr/share/nginx/html/vendor/illuminate/database/Connectors/Connector.php(46): Illuminate\Database\Connectors\Connector->createPdoConnection()
#2 /usr/share/nginx/html/vendor/illuminate/database/Connectors/MySqlConnector.php(24): Illuminate\Database\Connectors\Connector->createConnection()
#3 /usr/share/nginx/html/vendor/illuminate/database/Connectors/ConnectionFactory.php(184): Illuminate\Database\Connectors\MySqlConnector->connect()
#4 [internal function]: Illuminate\Database\Connectors\ConnectionFactory->Illuminate\Database\Connectors\{closure}()
#5 /usr/share/nginx/html/vendor/illuminate/database/Connection.php(1021): call_user_func()
#6 /usr/share/nginx/html/vendor/illuminate/database/Connection.php(486): Illuminate\Database\Connection->getPdo()
#7 /usr/share/nginx/h in /usr/share/nginx/html/vendor/illuminate/database/Connection.php on line 703" while reading response header from upstream, client: 172.18.0.1, server: localhost, request: "GET /hellYeah HTTP/1.1", upstream: "fastcgi://172.18.0.4:9000", host: "localhost"
2021/10/06 10:27:02 [error] 31#31: *21 FastCGI sent in stderr: "PHP message: PHP Fatal error:  Uncaught PDOException: could not find driver in /usr/share/nginx/html/vendor/illuminate/database/Connectors/Connector.php:70
Stack trace:
#0 /usr/share/nginx/html/vendor/illuminate/database/Connectors/Connector.php(70): PDO->__construct()
#1 /usr/share/nginx/html/vendor/illuminate/database/Connectors/Connector.php(46): Illuminate\Database\Connectors\Connector->createPdoConnection()
#2 /usr/share/nginx/html/vendor/illuminate/database/Connectors/MySqlConnector.php(24): Illuminate\Database\Connectors\Connector->createConnection()
#3 /usr/share/nginx/html/vendor/illuminate/database/Connectors/ConnectionFactory.php(184): Illuminate\Database\Connectors\MySqlConnector->connect()
#4 [internal function]: Illuminate\Database\Connectors\ConnectionFactory->Illuminate\Database\Connectors\{closure}()
#5 /usr/share/nginx/html/vendor/illuminate/database/Connection.php(1021): call_user_func()
#6 /usr/share/nginx/html/vendor/illuminate/database/Connection.php(486): Illuminate\Database\Connection->getPdo()
#7 /usr/share/nginx/h in /usr/share/nginx/html/vendor/illuminate/database/Connection.php on line 703" while reading response header from upstream, client: 172.18.0.1, server: localhost, request: "GET /hellYeah HTTP/1.1", upstream: "fastcgi://172.18.0.4:9000", host: "localhost"
2021/10/06 10:37:50 [notice] 1#1: signal 3 (SIGQUIT) received, shutting down
2021/10/06 10:37:50 [notice] 31#31: gracefully shutting down
2021/10/06 10:37:50 [notice] 34#34: gracefully shutting down
2021/10/06 10:37:50 [notice] 33#33: gracefully shutting down
2021/10/06 10:37:50 [notice] 32#32: gracefully shutting down
2021/10/06 10:37:50 [notice] 31#31: exiting
2021/10/06 10:37:50 [notice] 34#34: exiting
2021/10/06 10:37:50 [notice] 33#33: exiting
2021/10/06 10:37:50 [notice] 32#32: exiting
2021/10/06 10:37:50 [notice] 31#31: exit
2021/10/06 10:37:50 [notice] 34#34: exit
2021/10/06 10:37:50 [notice] 33#33: exit
2021/10/06 10:37:50 [notice] 32#32: exit
2021/10/06 10:37:50 [notice] 1#1: signal 17 (SIGCHLD) received from 33
2021/10/06 10:37:50 [notice] 1#1: worker process 31 exited with code 0
2021/10/06 10:37:50 [notice] 1#1: worker process 33 exited with code 0
2021/10/06 10:37:50 [notice] 1#1: worker process 34 exited with code 0
2021/10/06 10:37:50 [notice] 1#1: signal 29 (SIGIO) received
2021/10/06 10:37:50 [notice] 1#1: signal 17 (SIGCHLD) received from 32
2021/10/06 10:37:50 [notice] 1#1: worker process 32 exited with code 0
2021/10/06 10:37:50 [notice] 1#1: exit
2021/10/06 10:37:59 [notice] 1#1: using the "epoll" event method
2021/10/06 10:37:59 [notice] 1#1: nginx/1.21.3
2021/10/06 10:37:59 [notice] 1#1: built by gcc 8.3.0 (Debian 8.3.0-6) 
2021/10/06 10:37:59 [notice] 1#1: OS: Linux 5.10.16.3-microsoft-standard-WSL2
2021/10/06 10:37:59 [notice] 1#1: getrlimit(RLIMIT_NOFILE): 1048576:1048576
2021/10/06 10:37:59 [notice] 1#1: start worker processes
2021/10/06 10:37:59 [notice] 1#1: start worker process 30
2021/10/06 10:37:59 [notice] 1#1: start worker process 31
2021/10/06 10:37:59 [notice] 1#1: start worker process 32
2021/10/06 10:37:59 [notice] 1#1: start worker process 33
2021/10/06 10:38:05 [error] 30#30: *1 FastCGI sent in stderr: "PHP message: PHP Fatal error:  Uncaught PDOException: SQLSTATE[HY000] [2002] No such file or directory in /usr/share/nginx/html/vendor/illuminate/database/Connectors/Connector.php:70
Stack trace:
#0 /usr/share/nginx/html/vendor/illuminate/database/Connectors/Connector.php(70): PDO->__construct()
#1 /usr/share/nginx/html/vendor/illuminate/database/Connectors/Connector.php(46): Illuminate\Database\Connectors\Connector->createPdoConnection()
#2 /usr/share/nginx/html/vendor/illuminate/database/Connectors/MySqlConnector.php(24): Illuminate\Database\Connectors\Connector->createConnection()
#3 /usr/share/nginx/html/vendor/illuminate/database/Connectors/ConnectionFactory.php(184): Illuminate\Database\Connectors\MySqlConnector->connect()
#4 [internal function]: Illuminate\Database\Connectors\ConnectionFactory->Illuminate\Database\Connectors\{closure}()
#5 /usr/share/nginx/html/vendor/illuminate/database/Connection.php(1021): call_user_func()
#6 /usr/share/nginx/html/vendor/illuminate/database/Connection.php(486): Illuminate\Database\Connection->get in /usr/share/nginx/html/vendor/illuminate/database/Connection.php on line 703" while reading response header from upstream, client: 172.18.0.1, server: localhost, request: "GET /hellYeah HTTP/1.1", upstream: "fastcgi://172.18.0.4:9000", host: "localhost"
2021/10/06 10:38:12 [error] 30#30: *1 FastCGI sent in stderr: "PHP message: PHP Fatal error:  Uncaught PDOException: SQLSTATE[HY000] [2002] No such file or directory in /usr/share/nginx/html/vendor/illuminate/database/Connectors/Connector.php:70
Stack trace:
#0 /usr/share/nginx/html/vendor/illuminate/database/Connectors/Connector.php(70): PDO->__construct()
#1 /usr/share/nginx/html/vendor/illuminate/database/Connectors/Connector.php(46): Illuminate\Database\Connectors\Connector->createPdoConnection()
#2 /usr/share/nginx/html/vendor/illuminate/database/Connectors/MySqlConnector.php(24): Illuminate\Database\Connectors\Connector->createConnection()
#3 /usr/share/nginx/html/vendor/illuminate/database/Connectors/ConnectionFactory.php(184): Illuminate\Database\Connectors\MySqlConnector->connect()
#4 [internal function]: Illuminate\Database\Connectors\ConnectionFactory->Illuminate\Database\Connectors\{closure}()
#5 /usr/share/nginx/html/vendor/illuminate/database/Connection.php(1021): call_user_func()
#6 /usr/share/nginx/html/vendor/illuminate/database/Connection.php(486): Illuminate\Database\Connection->get in /usr/share/nginx/html/vendor/illuminate/database/Connection.php on line 703" while reading response header from upstream, client: 172.18.0.1, server: localhost, request: "GET /hellYeah HTTP/1.1", upstream: "fastcgi://172.18.0.4:9000", host: "localhost"
2021/10/06 10:39:50 [error] 30#30: *6 FastCGI sent in stderr: "PHP message: PHP Fatal error:  Uncaught PDOException: SQLSTATE[HY000] [2002] No such file or directory in /usr/share/nginx/html/vendor/illuminate/database/Connectors/Connector.php:70
Stack trace:
#0 /usr/share/nginx/html/vendor/illuminate/database/Connectors/Connector.php(70): PDO->__construct()
#1 /usr/share/nginx/html/vendor/illuminate/database/Connectors/Connector.php(46): Illuminate\Database\Connectors\Connector->createPdoConnection()
#2 /usr/share/nginx/html/vendor/illuminate/database/Connectors/MySqlConnector.php(24): Illuminate\Database\Connectors\Connector->createConnection()
#3 /usr/share/nginx/html/vendor/illuminate/database/Connectors/ConnectionFactory.php(184): Illuminate\Database\Connectors\MySqlConnector->connect()
#4 [internal function]: Illuminate\Database\Connectors\ConnectionFactory->Illuminate\Database\Connectors\{closure}()
#5 /usr/share/nginx/html/vendor/illuminate/database/Connection.php(1021): call_user_func()
#6 /usr/share/nginx/html/vendor/illuminate/database/Connection.php(486): Illuminate\Database\Connection->get in /usr/share/nginx/html/vendor/illuminate/database/Connection.php on line 703" while reading response header from upstream, client: 172.18.0.1, server: localhost, request: "GET /hellYeah HTTP/1.1", upstream: "fastcgi://172.18.0.4:9000", host: "localhost"
2021/10/06 10:40:09 [error] 30#30: *6 FastCGI sent in stderr: "PHP message: PHP Fatal error:  Uncaught InvalidArgumentException: Database (Imagenator) does not exist. in /usr/share/nginx/html/vendor/illuminate/database/Connectors/SQLiteConnector.php:34
Stack trace:
#0 /usr/share/nginx/html/vendor/illuminate/database/Connectors/ConnectionFactory.php(184): Illuminate\Database\Connectors\SQLiteConnector->connect()
#1 [internal function]: Illuminate\Database\Connectors\ConnectionFactory->Illuminate\Database\Connectors\{closure}()
#2 /usr/share/nginx/html/vendor/illuminate/database/Connection.php(1021): call_user_func()
#3 /usr/share/nginx/html/vendor/illuminate/database/Connection.php(486): Illuminate\Database\Connection->getPdo()
#4 /usr/share/nginx/html/vendor/illuminate/database/Connection.php(696): Illuminate\Database\Connection->Illuminate\Database\{closure}()
#5 /usr/share/nginx/html/vendor/illuminate/database/Connection.php(663): Illuminate\Database\Connection->runQueryCallback()
#6 /usr/share/nginx/html/vendor/illuminate/database/Connection.php(493): Illuminate\Database\Connection->run()
#7 /usr/s in /usr/share/nginx/html/vendor/illuminate/database/Connection.php on line 703" while reading response header from upstream, client: 172.18.0.1, server: localhost, request: "GET /hellYeah HTTP/1.1", upstream: "fastcgi://172.18.0.4:9000", host: "localhost"
2021/10/06 10:42:06 [error] 30#30: *10 FastCGI sent in stderr: "PHP message: PHP Fatal error:  Uncaught PDOException: SQLSTATE[HY000] [2002] No such file or directory in /usr/share/nginx/html/vendor/illuminate/database/Connectors/Connector.php:70
Stack trace:
#0 /usr/share/nginx/html/vendor/illuminate/database/Connectors/Connector.php(70): PDO->__construct()
#1 /usr/share/nginx/html/vendor/illuminate/database/Connectors/Connector.php(46): Illuminate\Database\Connectors\Connector->createPdoConnection()
#2 /usr/share/nginx/html/vendor/illuminate/database/Connectors/MySqlConnector.php(24): Illuminate\Database\Connectors\Connector->createConnection()
#3 /usr/share/nginx/html/vendor/illuminate/database/Connectors/ConnectionFactory.php(184): Illuminate\Database\Connectors\MySqlConnector->connect()
#4 [internal function]: Illuminate\Database\Connectors\ConnectionFactory->Illuminate\Database\Connectors\{closure}()
#5 /usr/share/nginx/html/vendor/illuminate/database/Connection.php(1021): call_user_func()
#6 /usr/share/nginx/html/vendor/illuminate/database/Connection.php(486): Illuminate\Database\Connection->get in /usr/share/nginx/html/vendor/illuminate/database/Connection.php on line 703" while reading response header from upstream, client: 172.18.0.1, server: localhost, request: "GET /hellYeah HTTP/1.1", upstream: "fastcgi://172.18.0.4:9000", host: "localhost"
2021/10/06 10:42:57 [error] 30#30: *10 FastCGI sent in stderr: "PHP message: PHP Fatal error:  Uncaught PDOException: SQLSTATE[HY000] [2002] No such file or directory in /usr/share/nginx/html/vendor/illuminate/database/Connectors/Connector.php:70
Stack trace:
#0 /usr/share/nginx/html/vendor/illuminate/database/Connectors/Connector.php(70): PDO->__construct()
#1 /usr/share/nginx/html/vendor/illuminate/database/Connectors/Connector.php(46): Illuminate\Database\Connectors\Connector->createPdoConnection()
#2 /usr/share/nginx/html/vendor/illuminate/database/Connectors/MySqlConnector.php(24): Illuminate\Database\Connectors\Connector->createConnection()
#3 /usr/share/nginx/html/vendor/illuminate/database/Connectors/ConnectionFactory.php(184): Illuminate\Database\Connectors\MySqlConnector->connect()
#4 [internal function]: Illuminate\Database\Connectors\ConnectionFactory->Illuminate\Database\Connectors\{closure}()
#5 /usr/share/nginx/html/vendor/illuminate/database/Connection.php(1021): call_user_func()
#6 /usr/share/nginx/html/vendor/illuminate/database/Connection.php(486): Illuminate\Database\Connection->get in /usr/share/nginx/html/vendor/illuminate/database/Connection.php on line 703" while reading response header from upstream, client: 172.18.0.1, server: localhost, request: "GET /hellYeah HTTP/1.1", upstream: "fastcgi://172.18.0.4:9000", host: "localhost"
2021/10/06 10:43:49 [notice] 1#1: signal 3 (SIGQUIT) received, shutting down
2021/10/06 10:43:49 [notice] 31#31: gracefully shutting down
2021/10/06 10:43:49 [notice] 32#32: gracefully shutting down
2021/10/06 10:43:49 [notice] 32#32: exiting
2021/10/06 10:43:49 [notice] 30#30: gracefully shutting down
2021/10/06 10:43:49 [notice] 31#31: exiting
2021/10/06 10:43:49 [notice] 33#33: gracefully shutting down
2021/10/06 10:43:49 [notice] 32#32: exit
2021/10/06 10:43:49 [notice] 30#30: exiting
2021/10/06 10:43:49 [notice] 31#31: exit
2021/10/06 10:43:49 [notice] 33#33: exiting
2021/10/06 10:43:49 [notice] 30#30: exit
2021/10/06 10:43:49 [notice] 33#33: exit
2021/10/06 10:43:49 [notice] 1#1: signal 17 (SIGCHLD) received from 30
2021/10/06 10:43:49 [notice] 1#1: worker process 30 exited with code 0
2021/10/06 10:43:49 [notice] 1#1: worker process 31 exited with code 0
2021/10/06 10:43:49 [notice] 1#1: worker process 32 exited with code 0
2021/10/06 10:43:49 [notice] 1#1: signal 29 (SIGIO) received
2021/10/06 10:43:49 [notice] 1#1: signal 17 (SIGCHLD) received from 31
2021/10/06 10:43:49 [notice] 1#1: signal 17 (SIGCHLD) received from 33
2021/10/06 10:43:49 [notice] 1#1: worker process 33 exited with code 0
2021/10/06 10:43:49 [notice] 1#1: exit
2021/10/06 10:43:57 [notice] 1#1: using the "epoll" event method
2021/10/06 10:43:57 [notice] 1#1: nginx/1.21.3
2021/10/06 10:43:57 [notice] 1#1: built by gcc 8.3.0 (Debian 8.3.0-6) 
2021/10/06 10:43:57 [notice] 1#1: OS: Linux 5.10.16.3-microsoft-standard-WSL2
2021/10/06 10:43:57 [notice] 1#1: getrlimit(RLIMIT_NOFILE): 1048576:1048576
2021/10/06 10:43:57 [notice] 1#1: start worker processes
2021/10/06 10:43:57 [notice] 1#1: start worker process 31
2021/10/06 10:43:57 [notice] 1#1: start worker process 32
2021/10/06 10:43:57 [notice] 1#1: start worker process 33
2021/10/06 10:43:57 [notice] 1#1: start worker process 34
